2025-11-05 09:55:11,718+0000 INFO  [quartz-14-thread-6]  *TASK org.sonatype.nexus.repository.content.tasks.normalize.NormalizeComponentVersionTask - Task information:
2025-11-05 09:55:11,719+0000 INFO  [quartz-14-thread-6]  *TASK org.sonatype.nexus.repository.content.tasks.normalize.NormalizeComponentVersionTask -  ID: 21507dab-c17e-41b7-8ea2-37521faeb935
2025-11-05 09:55:11,719+0000 INFO  [quartz-14-thread-6]  *TASK org.sonatype.nexus.repository.content.tasks.normalize.NormalizeComponentVersionTask -  Type: component.normalize.version
2025-11-05 09:55:11,719+0000 INFO  [quartz-14-thread-6]  *TASK org.sonatype.nexus.repository.content.tasks.normalize.NormalizeComponentVersionTask -  Name: Repair - Normalize component versions for retain-n
2025-11-05 09:55:11,719+0000 INFO  [quartz-14-thread-6]  *TASK org.sonatype.nexus.repository.content.tasks.normalize.NormalizeComponentVersionTask -  Description: populate normalized_version column on {format}_component tables
2025-11-05 09:55:11,719+0000 INFO  [quartz-14-thread-6]  *TASK org.sonatype.nexus.repository.content.tasks.normalize.NormalizeComponentVersionTask - Task configuration: {.updated=2025-11-05T09:55:11.703Z, .name=Repair - Normalize component versions for retain-n, .recoverable=false, .message=populate normalized_version column on {format}_component tables, .id=21507dab-c17e-41b7-8ea2-37521faeb935, .typeName=Repair - Normalize component versions for retain-n, .visible=false, .typeId=component.normalize.version, .exposed=false, .created=2025-11-05T09:55:11.703Z}
2025-11-05 09:55:11,720+0000 INFO  [quartz-14-thread-6]  *TASK org.sonatype.nexus.repository.content.tasks.normalize.NormalizeComponentVersionTask - normalizing cocoapods components version
2025-11-05 09:55:11,724+0000 INFO  [quartz-14-thread-6]  *TASK org.sonatype.nexus.repository.content.tasks.normalize.NormalizeComponentVersionTask - found 0 unnormalized records on cocoapods components
2025-11-05 09:55:11,727+0000 INFO  [quartz-14-thread-6]  *TASK org.sonatype.nexus.repository.content.tasks.normalize.NormalizeComponentVersionTask - normalizing p2 components version
2025-11-05 09:55:11,729+0000 INFO  [quartz-14-thread-6]  *TASK org.sonatype.nexus.repository.content.tasks.normalize.NormalizeComponentVersionTask - found 0 unnormalized records on p2 components
2025-11-05 09:55:11,730+0000 INFO  [quartz-14-thread-6]  *TASK org.sonatype.nexus.repository.content.tasks.normalize.NormalizeComponentVersionTask - normalizing apt components version
2025-11-05 09:55:11,731+0000 INFO  [quartz-14-thread-6]  *TASK org.sonatype.nexus.repository.content.tasks.normalize.NormalizeComponentVersionTask - found 0 unnormalized records on apt components
2025-11-05 09:55:11,732+0000 INFO  [quartz-14-thread-6]  *TASK org.sonatype.nexus.repository.content.tasks.normalize.NormalizeComponentVersionTask - normalizing gitlfs components version
2025-11-05 09:55:11,733+0000 INFO  [quartz-14-thread-6]  *TASK org.sonatype.nexus.repository.content.tasks.normalize.NormalizeComponentVersionTask - found 0 unnormalized records on gitlfs components
2025-11-05 09:55:11,734+0000 INFO  [quartz-14-thread-6]  *TASK org.sonatype.nexus.repository.content.tasks.normalize.NormalizeComponentVersionTask - normalizing composer components version
2025-11-05 09:55:11,736+0000 INFO  [quartz-14-thread-6]  *TASK org.sonatype.nexus.repository.content.tasks.normalize.NormalizeComponentVersionTask - found 0 unnormalized records on composer components
2025-11-05 09:55:11,736+0000 INFO  [quartz-14-thread-6]  *TASK org.sonatype.nexus.repository.content.tasks.normalize.NormalizeComponentVersionTask - normalizing conan components version
2025-11-05 09:55:11,739+0000 INFO  [quartz-14-thread-6]  *TASK org.sonatype.nexus.repository.content.tasks.normalize.NormalizeComponentVersionTask - found 0 unnormalized records on conan components
2025-11-05 09:55:11,740+0000 INFO  [quartz-14-thread-6]  *TASK org.sonatype.nexus.repository.content.tasks.normalize.NormalizeComponentVersionTask - normalizing go components version
2025-11-05 09:55:11,741+0000 INFO  [quartz-14-thread-6]  *TASK org.sonatype.nexus.repository.content.tasks.normalize.NormalizeComponentVersionTask - found 0 unnormalized records on go components
2025-11-05 09:55:11,742+0000 INFO  [quartz-14-thread-6]  *TASK org.sonatype.nexus.repository.content.tasks.normalize.NormalizeComponentVersionTask - normalizing maven2 components version
2025-11-05 09:55:11,743+0000 INFO  [quartz-14-thread-6]  *TASK org.sonatype.nexus.repository.content.tasks.normalize.NormalizeComponentVersionTask - found 0 unnormalized records on maven2 components
2025-11-05 09:55:11,744+0000 INFO  [quartz-14-thread-6]  *TASK org.sonatype.nexus.repository.content.tasks.normalize.NormalizeComponentVersionTask - normalizing raw components version
2025-11-05 09:55:11,745+0000 INFO  [quartz-14-thread-6]  *TASK org.sonatype.nexus.repository.content.tasks.normalize.NormalizeComponentVersionTask - found 0 unnormalized records on raw components
2025-11-05 09:55:11,746+0000 INFO  [quartz-14-thread-6]  *TASK org.sonatype.nexus.repository.content.tasks.normalize.NormalizeComponentVersionTask - normalizing npm components version
2025-11-05 09:55:11,747+0000 INFO  [quartz-14-thread-6]  *TASK org.sonatype.nexus.repository.content.tasks.normalize.NormalizeComponentVersionTask - found 0 unnormalized records on npm components
2025-11-05 09:55:11,748+0000 INFO  [quartz-14-thread-6]  *TASK org.sonatype.nexus.repository.content.tasks.normalize.NormalizeComponentVersionTask - normalizing huggingface components version
2025-11-05 09:55:11,750+0000 INFO  [quartz-14-thread-6]  *TASK org.sonatype.nexus.repository.content.tasks.normalize.NormalizeComponentVersionTask - found 0 unnormalized records on huggingface components
2025-11-05 09:55:11,751+0000 INFO  [quartz-14-thread-6]  *TASK org.sonatype.nexus.repository.content.tasks.normalize.NormalizeComponentVersionTask - normalizing nuget components version
2025-11-05 09:55:11,752+0000 INFO  [quartz-14-thread-6]  *TASK org.sonatype.nexus.repository.content.tasks.normalize.NormalizeComponentVersionTask - found 0 unnormalized records on nuget components
2025-11-05 09:55:11,753+0000 INFO  [quartz-14-thread-6]  *TASK org.sonatype.nexus.repository.content.tasks.normalize.NormalizeComponentVersionTask - normalizing rubygems components version
2025-11-05 09:55:11,754+0000 INFO  [quartz-14-thread-6]  *TASK org.sonatype.nexus.repository.content.tasks.normalize.NormalizeComponentVersionTask - found 0 unnormalized records on rubygems components
2025-11-05 09:55:11,755+0000 INFO  [quartz-14-thread-6]  *TASK org.sonatype.nexus.repository.content.tasks.normalize.NormalizeComponentVersionTask - normalizing helm components version
2025-11-05 09:55:11,757+0000 INFO  [quartz-14-thread-6]  *TASK org.sonatype.nexus.repository.content.tasks.normalize.NormalizeComponentVersionTask - found 0 unnormalized records on helm components
2025-11-05 09:55:11,758+0000 INFO  [quartz-14-thread-6]  *TASK org.sonatype.nexus.repository.content.tasks.normalize.NormalizeComponentVersionTask - normalizing docker components version
2025-11-05 09:55:11,760+0000 INFO  [quartz-14-thread-6]  *TASK org.sonatype.nexus.repository.content.tasks.normalize.NormalizeComponentVersionTask - found 0 unnormalized records on docker components
2025-11-05 09:55:11,761+0000 INFO  [quartz-14-thread-6]  *TASK org.sonatype.nexus.repository.content.tasks.normalize.NormalizeComponentVersionTask - normalizing yum components version
2025-11-05 09:55:11,763+0000 INFO  [quartz-14-thread-6]  *TASK org.sonatype.nexus.repository.content.tasks.normalize.NormalizeComponentVersionTask - found 0 unnormalized records on yum components
2025-11-05 09:55:11,763+0000 INFO  [quartz-14-thread-6]  *TASK org.sonatype.nexus.repository.content.tasks.normalize.NormalizeComponentVersionTask - normalizing r components version
2025-11-05 09:55:11,765+0000 INFO  [quartz-14-thread-6]  *TASK org.sonatype.nexus.repository.content.tasks.normalize.NormalizeComponentVersionTask - found 0 unnormalized records on r components
2025-11-05 09:55:11,766+0000 INFO  [quartz-14-thread-6]  *TASK org.sonatype.nexus.repository.content.tasks.normalize.NormalizeComponentVersionTask - normalizing pypi components version
2025-11-05 09:55:11,768+0000 INFO  [quartz-14-thread-6]  *TASK org.sonatype.nexus.repository.content.tasks.normalize.NormalizeComponentVersionTask - found 0 unnormalized records on pypi components
2025-11-05 09:55:11,769+0000 INFO  [quartz-14-thread-6]  *TASK org.sonatype.nexus.repository.content.tasks.normalize.NormalizeComponentVersionTask - normalizing conda components version
2025-11-05 09:55:11,771+0000 INFO  [quartz-14-thread-6]  *TASK org.sonatype.nexus.repository.content.tasks.normalize.NormalizeComponentVersionTask - found 0 unnormalized records on conda components
2025-11-05 09:55:11,772+0000 INFO  [quartz-14-thread-6]  *TASK org.sonatype.nexus.repository.content.tasks.normalize.NormalizeComponentVersionTask - normalizing cargo components version
2025-11-05 09:55:11,774+0000 INFO  [quartz-14-thread-6]  *TASK org.sonatype.nexus.repository.content.tasks.normalize.NormalizeComponentVersionTask - found 0 unnormalized records on cargo components
2025-11-05 09:55:11,775+0000 INFO  [quartz-14-thread-6]  *TASK org.sonatype.nexus.repository.content.tasks.normalize.NormalizeComponentVersionTask - Task complete
