2025-11-05 09:55:11,665+0000 INFO  [quartz-14-thread-4]  *TASK org.sonatype.nexus.repository.content.tasks.CreateComponentIndexTask - Task information:
2025-11-05 09:55:11,666+0000 INFO  [quartz-14-thread-4]  *TASK org.sonatype.nexus.repository.content.tasks.CreateComponentIndexTask -  ID: 917b9221-9521-4c0a-bd1c-d07dabbd8e9a
2025-11-05 09:55:11,666+0000 INFO  [quartz-14-thread-4]  *TASK org.sonatype.nexus.repository.content.tasks.CreateComponentIndexTask -  Type: create.component.index.task
2025-11-05 09:55:11,666+0000 INFO  [quartz-14-thread-4]  *TASK org.sonatype.nexus.repository.content.tasks.CreateComponentIndexTask -  Name: Repair - Recreate component indexes for performance
2025-11-05 09:55:11,666+0000 INFO  [quartz-14-thread-4]  *TASK org.sonatype.nexus.repository.content.tasks.CreateComponentIndexTask -  Description: Create new indexes for querying the various format component tables by full coordinates
2025-11-05 09:55:11,666+0000 INFO  [quartz-14-thread-4]  *TASK org.sonatype.nexus.repository.content.tasks.CreateComponentIndexTask - Task configuration: {.updated=2025-11-05T09:55:11.651Z, .name=Repair - Recreate component indexes for performance, .recoverable=false, .message=Create new indexes for querying the various format component tables by full coordinates, .id=917b9221-9521-4c0a-bd1c-d07dabbd8e9a, .typeName=Repair - Recreate component indexes for performance, .visible=false, .typeId=create.component.index.task, .exposed=false, .created=2025-11-05T09:55:11.651Z}
2025-11-05 09:55:11,667+0000 INFO  [quartz-14-thread-4]  *TASK org.sonatype.nexus.repository.content.tasks.CreateComponentIndexService - Recreating component coordinate index for format: apt.  0% done
2025-11-05 09:55:11,668+0000 INFO  [quartz-14-thread-4]  *TASK org.sonatype.nexus.repository.content.tasks.CreateComponentIndexService - Recreating component coordinate index for format: maven2.  5% done
2025-11-05 09:55:11,668+0000 INFO  [quartz-14-thread-4]  *TASK org.sonatype.nexus.repository.content.tasks.CreateComponentIndexService - Recreating component coordinate index for format: raw.  10% done
2025-11-05 09:55:11,668+0000 INFO  [quartz-14-thread-4]  *TASK org.sonatype.nexus.repository.content.tasks.CreateComponentIndexService - Recreating component coordinate index for format: docker.  15% done
2025-11-05 09:55:11,668+0000 INFO  [quartz-14-thread-4]  *TASK org.sonatype.nexus.repository.content.tasks.CreateComponentIndexService - Recreating component coordinate index for format: gitlfs.  20% done
2025-11-05 09:55:11,668+0000 INFO  [quartz-14-thread-4]  *TASK org.sonatype.nexus.repository.content.tasks.CreateComponentIndexService - Recreating component coordinate index for format: rubygems.  25% done
2025-11-05 09:55:11,668+0000 INFO  [quartz-14-thread-4]  *TASK org.sonatype.nexus.repository.content.tasks.CreateComponentIndexService - Recreating component coordinate index for format: yum.  30% done
2025-11-05 09:55:11,669+0000 INFO  [quartz-14-thread-4]  *TASK org.sonatype.nexus.repository.content.tasks.CreateComponentIndexService - Recreating component coordinate index for format: cargo.  35% done
2025-11-05 09:55:11,669+0000 INFO  [quartz-14-thread-4]  *TASK org.sonatype.nexus.repository.content.tasks.CreateComponentIndexService - Recreating component coordinate index for format: cocoapods.  40% done
2025-11-05 09:55:11,669+0000 INFO  [quartz-14-thread-4]  *TASK org.sonatype.nexus.repository.content.tasks.CreateComponentIndexService - Recreating component coordinate index for format: composer.  45% done
2025-11-05 09:55:11,669+0000 INFO  [quartz-14-thread-4]  *TASK org.sonatype.nexus.repository.content.tasks.CreateComponentIndexService - Recreating component coordinate index for format: conan.  50% done
2025-11-05 09:55:11,669+0000 INFO  [quartz-14-thread-4]  *TASK org.sonatype.nexus.repository.content.tasks.CreateComponentIndexService - Recreating component coordinate index for format: conda.  55% done
2025-11-05 09:55:11,669+0000 INFO  [quartz-14-thread-4]  *TASK org.sonatype.nexus.repository.content.tasks.CreateComponentIndexService - Recreating component coordinate index for format: go.  60% done
2025-11-05 09:55:11,669+0000 INFO  [quartz-14-thread-4]  *TASK org.sonatype.nexus.repository.content.tasks.CreateComponentIndexService - Recreating component coordinate index for format: helm.  65% done
2025-11-05 09:55:11,670+0000 INFO  [quartz-14-thread-4]  *TASK org.sonatype.nexus.repository.content.tasks.CreateComponentIndexService - Recreating component coordinate index for format: huggingface.  70% done
2025-11-05 09:55:11,670+0000 INFO  [quartz-14-thread-4]  *TASK org.sonatype.nexus.repository.content.tasks.CreateComponentIndexService - Recreating component coordinate index for format: npm.  75% done
2025-11-05 09:55:11,670+0000 INFO  [quartz-14-thread-4]  *TASK org.sonatype.nexus.repository.content.tasks.CreateComponentIndexService - Recreating component coordinate index for format: nuget.  80% done
2025-11-05 09:55:11,670+0000 INFO  [quartz-14-thread-4]  *TASK org.sonatype.nexus.repository.content.tasks.CreateComponentIndexService - Recreating component coordinate index for format: p2.  85% done
2025-11-05 09:55:11,670+0000 INFO  [quartz-14-thread-4]  *TASK org.sonatype.nexus.repository.content.tasks.CreateComponentIndexService - Recreating component coordinate index for format: pypi.  90% done
2025-11-05 09:55:11,670+0000 INFO  [quartz-14-thread-4]  *TASK org.sonatype.nexus.repository.content.tasks.CreateComponentIndexService - Recreating component coordinate index for format: r.  95% done
2025-11-05 09:55:11,671+0000 INFO  [quartz-14-thread-4]  *TASK org.sonatype.nexus.repository.content.tasks.CreateComponentIndexService - Recreating component coordinate index for all formats.  100% done
2025-11-05 09:55:11,671+0000 INFO  [quartz-14-thread-4]  *TASK org.sonatype.nexus.repository.content.tasks.CreateComponentIndexTask - Task complete
