<?xml version='1.0' encoding='UTF-8'?>
<hotspot_log version='160 1' process='1' time_ms='1762353137061'>
<vm_version>
<name>
OpenJDK 64-Bit Server VM
</name>
<release>
17.0.16+8-LTS
</release>
<info>
OpenJDK 64-Bit Server VM (17.0.16+8-LTS) for linux-amd64 JRE (17.0.16+8-LTS), built on Jul 15 2025 00:00:00 by &quot;mockbuild&quot; with gcc 8.5.0 20210514 (Red Hat 8.5.0-18)
</info>
</vm_version>
<vm_arguments>
<args>
-Xms2703m -Xmx2703m -XX:MaxDirectMemorySize=2703m -XX:+UnlockDiagnosticVMOptions -XX:+LogVMOutput -XX:LogFile=/opt/sonatype/nexus/../sonatype-work/nexus3/log/jvm.log -XX:-OmitStackTraceInFastThrow --add-reads=java.xml=java.logging --add-opens=java.base/java.security=ALL-UNNAMED --add-opens=java.base/java.net=ALL-UNNAMED --add-opens=java.base/java.lang=ALL-UNNAMED --add-opens=java.base/java.util=ALL-UNNAMED --add-opens=java.naming/javax.naming.spi=ALL-UNNAMED --add-opens=java.rmi/sun.rmi.transport.tcp=ALL-UNNAMED --add-exports=java.base/sun.net.www.protocol.http=ALL-UNNAMED --add-exports=java.base/sun.net.www.protocol.https=ALL-UNNAMED --add-exports=java.base/sun.net.www.protocol.jar=ALL-UNNAMED --add-exports=jdk.xml.dom/org.w3c.dom.html=ALL-UNNAMED --add-exports=jdk.naming.rmi/com.sun.jndi.url.rmi=ALL-UNNAMED --add-exports=java.security.sasl/com.sun.security.sasl=ALL-UNNAMED --add-exports=java.base/sun.security.x509=ALL-UNNAMED --add-exports=java.base/sun.security.rsa=ALL-UNNAMED --add-exports=java.base/sun.security.pkcs=ALL-UNNAMED -Dkaraf.instances=/opt/sonatype/nexus/instances -Dkaraf.home=/opt/sonatype/nexus -Dkaraf.base=/opt/sonatype/nexus -Dkaraf.data=/opt/sonatype/nexus/../sonatype-work/nexus3 -Dkaraf.etc=/opt/sonatype/nexus/etc/karaf -Dkaraf.log=/opt/sonatype/nexus/../sonatype-work/nexus3/log -Djava.io.tmpdir=/opt/sonatype/nexus/../sonatype-work/nexus3/tmp -Djava.util.logging.config.file=/opt/sonatype/nexus/etc/java.util.logging.properties -Xms2g -Xmx2g -XX:MaxDirectMemorySize=2g </args>
<command>
org.springframework.boot.loader.launch.PropertiesLauncher
</command>
<launcher>
SUN_STANDARD
</launcher>
<properties>
java.vm.specification.name=Java Virtual Machine Specification
java.vm.version=17.0.16+8-LTS
java.vm.name=OpenJDK 64-Bit Server VM
jdk.debug=release
sun.boot.library.path=/usr/lib/jvm/java-17-openjdk-17.0.16.0.8-2.el9.x86_64/lib
java.library.path=/opt/sonatype/nexus/lib:/opt/sonatype/nexus/lib:/usr/java/packages/lib:/usr/lib64:/lib64:/lib:/usr/lib
java.home=/usr/lib/jvm/java-17-openjdk-17.0.16.0.8-2.el9.x86_64
java.class.path=/opt/sonatype/nexus/bin/sonatype-nexus-repository-3.85.0-03.jar:/opt/sonatype/nexus/../sonatype-work/nexus3/etc
jdk.boot.class.path.append=
java.vm.info=mixed mode, sharing
java.vm.specification.vendor=Oracle Corporation
java.vm.specification.version=17
java.vm.vendor=Red Hat, Inc.
karaf.instances=/opt/sonatype/nexus/instances
karaf.home=/opt/sonatype/nexus
karaf.base=/opt/sonatype/nexus
karaf.data=/opt/sonatype/nexus/../sonatype-work/nexus3
karaf.etc=/opt/sonatype/nexus/etc/karaf
karaf.log=/opt/sonatype/nexus/../sonatype-work/nexus3/log
java.io.tmpdir=/opt/sonatype/nexus/../sonatype-work/nexus3/tmp
java.util.logging.config.file=/opt/sonatype/nexus/etc/java.util.logging.properties
sun.java.command=org.springframework.boot.loader.launch.PropertiesLauncher
sun.java.launcher=SUN_STANDARD
</properties>
</vm_arguments>
<tty>
<writer thread='108'/>
<blob name='MethodHandlesAdapterBlob' size='4224'>
<sect index='1' size='4224' free='3846'/>
</blob>
<dependency_failed type='leaf_type' ctxk='java/util/HashMap' witness='java/util/LinkedHashMap' stamp='0.068'/>
<dependency_failed type='leaf_type' ctxk='java/util/HashMap' witness='java/util/LinkedHashMap' stamp='0.068'/>
<dependency_failed type='leaf_type' ctxk='java/util/HashMap' witness='java/util/LinkedHashMap' stamp='0.068'/>
<dependency_failed type='leaf_type' ctxk='java/util/HashMap' witness='java/util/LinkedHashMap' stamp='0.068'/>
<dependency_failed type='leaf_type' ctxk='java/util/jar/JarFile' witness='org/springframework/boot/loader/net/protocol/jar/UrlJarFile' stamp='0.185'/>
<dependency_failed type='leaf_type' ctxk='java/util/jar/JarFile' witness='org/springframework/boot/loader/net/protocol/jar/UrlJarFile' stamp='0.185'/>
<dependency_failed type='unique_concrete_method_4' ctxk='java/util/function/BiConsumer' x='java.util.stream.Collectors$$Lambda$14/0x000070e8f00469f8 accept (Ljava/lang/Object;Ljava/lang/Object;)V' x2='java/util/function/BiConsumer' x3='java.util.function.BiConsumer accept (Ljava/lang/Object;Ljava/lang/Object;)V' witness='java/util/function/BiConsumer' stamp='0.252'/>
<dependency_failed type='unique_concrete_method_4' ctxk='java/util/function/IntFunction' x='java.util.zip.ZipFile$$Lambda$41/0x80000004c apply (I)Ljava/lang/Object;' x2='java/util/function/IntFunction' x3='java.util.function.IntFunction apply (I)Ljava/lang/Object;' witness='java/util/function/IntFunction' stamp='0.279'/>
<dependency_failed type='unique_concrete_method_4' ctxk='java/lang/ThreadLocal' x='java.lang.ThreadLocal getMap (Ljava/lang/Thread;)Ljava/lang/ThreadLocal$ThreadLocalMap;' x2='java/lang/ThreadLocal' x3='java.lang.ThreadLocal getMap (Ljava/lang/Thread;)Ljava/lang/ThreadLocal$ThreadLocalMap;' witness='java/lang/InheritableThreadLocal' stamp='1.083'/>
<dependency_failed type='unique_concrete_method_4' ctxk='java/lang/ThreadLocal' x='java.lang.ThreadLocal getMap (Ljava/lang/Thread;)Ljava/lang/ThreadLocal$ThreadLocalMap;' x2='java/lang/ThreadLocal' x3='java.lang.ThreadLocal getMap (Ljava/lang/Thread;)Ljava/lang/ThreadLocal$ThreadLocalMap;' witness='java/lang/InheritableThreadLocal' stamp='1.083'/>
<dependency_failed type='unique_concrete_method_4' ctxk='java/util/Deque' x='java.util.ArrayDeque size ()I' x2='java/util/Deque' x3='java.util.Deque size ()I' witness='java/util/Deque' stamp='1.194'/>
<dependency_failed type='unique_concrete_method_4' ctxk='java/util/Deque' x='java.util.ArrayDeque poll ()Ljava/lang/Object;' x2='java/util/Deque' x3='java.util.Deque poll ()Ljava/lang/Object;' witness='java/util/Deque' stamp='1.194'/>
<dependency_failed type='unique_concrete_method_4' ctxk='java/util/concurrent/ConcurrentMap' x='java.util.concurrent.ConcurrentHashMap remove (Ljava/lang/Object;)Ljava/lang/Object;' x2='java/util/concurrent/ConcurrentMap' x3='java.util.concurrent.ConcurrentMap remove (Ljava/lang/Object;)Ljava/lang/Object;' witness='java/util/concurrent/ConcurrentMap' stamp='1.344'/>
<dependency_failed type='unique_concrete_method_4' ctxk='java/util/concurrent/ConcurrentMap' x='java.util.concurrent.ConcurrentHashMap remove (Ljava/lang/Object;)Ljava/lang/Object;' x2='java/util/concurrent/ConcurrentMap' x3='java.util.concurrent.ConcurrentMap remove (Ljava/lang/Object;)Ljava/lang/Object;' witness='java/util/concurrent/ConcurrentMap' stamp='1.344'/>
<dependency_failed type='unique_concrete_method_4' ctxk='java/util/concurrent/ConcurrentMap' x='java.util.concurrent.ConcurrentHashMap remove (Ljava/lang/Object;)Ljava/lang/Object;' x2='java/util/concurrent/ConcurrentMap' x3='java.util.concurrent.ConcurrentMap remove (Ljava/lang/Object;)Ljava/lang/Object;' witness='java/util/concurrent/ConcurrentMap' stamp='1.344'/>
<dependency_failed type='leaf_type' ctxk='java/io/BufferedReader' witness='java/io/LineNumberReader' stamp='2.371'/>
<dependency_failed type='leaf_type' ctxk='java/util/LinkedHashMap' witness='ch/qos/logback/classic/pattern/NamedConverter$NameCache' stamp='2.881'/>
<dependency_failed type='leaf_type' ctxk='java/util/LinkedHashMap' witness='ch/qos/logback/classic/pattern/NamedConverter$NameCache' stamp='2.881'/>
<dependency_failed type='leaf_type' ctxk='java/util/LinkedHashMap' witness='ch/qos/logback/classic/pattern/NamedConverter$NameCache' stamp='2.881'/>
<dependency_failed type='leaf_type' ctxk='java/util/LinkedHashMap' witness='ch/qos/logback/classic/pattern/NamedConverter$NameCache' stamp='2.881'/>
<dependency_failed type='leaf_type' ctxk='java/util/LinkedHashMap' witness='ch/qos/logback/classic/pattern/NamedConverter$NameCache' stamp='2.881'/>
<dependency_failed type='leaf_type' ctxk='java/util/LinkedHashMap' witness='ch/qos/logback/classic/pattern/NamedConverter$NameCache' stamp='2.881'/>
<dependency_failed type='leaf_type' ctxk='java/util/LinkedHashMap' witness='ch/qos/logback/classic/pattern/NamedConverter$NameCache' stamp='2.881'/>
<dependency_failed type='unique_concrete_method_4' ctxk='java/util/LinkedHashMap' x='java.util.LinkedHashMap removeEldestEntry (Ljava/util/Map$Entry;)Z' x2='java/util/LinkedHashMap' x3='java.util.LinkedHashMap removeEldestEntry (Ljava/util/Map$Entry;)Z' witness='ch/qos/logback/classic/pattern/NamedConverter$NameCache' stamp='2.882'/>
<dependency_failed type='unique_concrete_method_4' ctxk='java/util/LinkedHashMap' x='java.util.LinkedHashMap removeEldestEntry (Ljava/util/Map$Entry;)Z' x2='java/util/LinkedHashMap' x3='java.util.LinkedHashMap removeEldestEntry (Ljava/util/Map$Entry;)Z' witness='ch/qos/logback/classic/pattern/NamedConverter$NameCache' stamp='2.882'/>
<dependency_failed type='unique_concrete_method_4' ctxk='java/util/LinkedHashMap' x='java.util.LinkedHashMap removeEldestEntry (Ljava/util/Map$Entry;)Z' x2='java/util/LinkedHashMap' x3='java.util.LinkedHashMap removeEldestEntry (Ljava/util/Map$Entry;)Z' witness='ch/qos/logback/classic/pattern/NamedConverter$NameCache' stamp='2.882'/>
<dependency_failed type='unique_concrete_method_4' ctxk='java/util/LinkedHashMap' x='java.util.LinkedHashMap removeEldestEntry (Ljava/util/Map$Entry;)Z' x2='java/util/LinkedHashMap' x3='java.util.LinkedHashMap removeEldestEntry (Ljava/util/Map$Entry;)Z' witness='ch/qos/logback/classic/pattern/NamedConverter$NameCache' stamp='2.882'/>
<dependency_failed type='unique_concrete_method_4' ctxk='java/util/LinkedHashMap' x='java.util.LinkedHashMap removeEldestEntry (Ljava/util/Map$Entry;)Z' x2='java/util/LinkedHashMap' x3='java.util.LinkedHashMap removeEldestEntry (Ljava/util/Map$Entry;)Z' witness='ch/qos/logback/classic/pattern/NamedConverter$NameCache' stamp='2.882'/>
<dependency_failed type='abstract_with_unique_concrete_subtype' ctxk='java/lang/CharacterData' x='java/lang/CharacterDataLatin1' witness='java/lang/CharacterData00' stamp='2.944'/>
<dependency_failed type='abstract_with_unique_concrete_subtype' ctxk='java/lang/CharacterData' x='java/lang/CharacterDataLatin1' witness='java/lang/CharacterData00' stamp='2.944'/>
<dependency_failed type='abstract_with_unique_concrete_subtype' ctxk='java/lang/CharacterData' x='java/lang/CharacterDataLatin1' witness='java/lang/CharacterData00' stamp='2.944'/>
<dependency_failed type='abstract_with_unique_concrete_subtype' ctxk='java/lang/CharacterData' x='java/lang/CharacterDataLatin1' witness='java/lang/CharacterData00' stamp='2.944'/>
<dependency_failed type='abstract_with_unique_concrete_subtype' ctxk='java/lang/CharacterData' x='java/lang/CharacterDataLatin1' witness='java/lang/CharacterData00' stamp='2.944'/>
<dependency_failed type='abstract_with_unique_concrete_subtype' ctxk='java/lang/CharacterData' x='java/lang/CharacterDataLatin1' witness='java/lang/CharacterData00' stamp='2.944'/>
<dependency_failed type='abstract_with_unique_concrete_subtype' ctxk='java/lang/CharacterData' x='java/lang/CharacterDataLatin1' witness='java/lang/CharacterData00' stamp='2.944'/>
<dependency_failed type='abstract_with_unique_concrete_subtype' ctxk='java/lang/CharacterData' x='java/lang/CharacterDataLatin1' witness='java/lang/CharacterData00' stamp='2.944'/>
<dependency_failed type='abstract_with_unique_concrete_subtype' ctxk='java/lang/CharacterData' x='java/lang/CharacterDataLatin1' witness='java/lang/CharacterData00' stamp='2.944'/>
<dependency_failed type='abstract_with_unique_concrete_subtype' ctxk='java/lang/CharacterData' x='java/lang/CharacterDataLatin1' witness='java/lang/CharacterData00' stamp='2.944'/>
<dependency_failed type='abstract_with_unique_concrete_subtype' ctxk='java/lang/CharacterData' x='java/lang/CharacterDataLatin1' witness='java/lang/CharacterData00' stamp='2.944'/>
<dependency_failed type='abstract_with_unique_concrete_subtype' ctxk='java/lang/CharacterData' x='java/lang/CharacterDataLatin1' witness='java/lang/CharacterData00' stamp='2.944'/>
<dependency_failed type='abstract_with_unique_concrete_subtype' ctxk='java/lang/CharacterData' x='java/lang/CharacterDataLatin1' witness='java/lang/CharacterData00' stamp='2.944'/>
<dependency_failed type='abstract_with_unique_concrete_subtype' ctxk='java/lang/CharacterData' x='java/lang/CharacterDataLatin1' witness='java/lang/CharacterData00' stamp='2.944'/>
<dependency_failed type='abstract_with_unique_concrete_subtype' ctxk='java/lang/CharacterData' x='java/lang/CharacterDataLatin1' witness='java/lang/CharacterData00' stamp='2.944'/>
<dependency_failed type='abstract_with_unique_concrete_subtype' ctxk='java/lang/CharacterData' x='java/lang/CharacterDataLatin1' witness='java/lang/CharacterData00' stamp='2.944'/>
<dependency_failed type='leaf_type' ctxk='org/codehaus/groovy/runtime/metaclass/NewInstanceMetaMethod' witness='org/codehaus/groovy/runtime/GroovyCategorySupport$CategoryMethod' stamp='3.927'/>
<dependency_failed type='leaf_type' ctxk='java/util/ArrayDeque' witness='org/springframework/context/annotation/ConfigurationClassParser$ImportStack' stamp='4.674'/>
<dependency_failed type='leaf_type' ctxk='java/util/ArrayDeque' witness='org/springframework/context/annotation/ConfigurationClassParser$ImportStack' stamp='4.674'/>
<dependency_failed type='leaf_type' ctxk='java/util/ArrayDeque' witness='org/springframework/context/annotation/ConfigurationClassParser$ImportStack' stamp='4.674'/>
<dependency_failed type='leaf_type' ctxk='java/util/ArrayDeque' witness='org/springframework/context/annotation/ConfigurationClassParser$ImportStack' stamp='4.674'/>
<dependency_failed type='leaf_type' ctxk='java/util/ArrayDeque' witness='org/springframework/context/annotation/ConfigurationClassParser$ImportStack' stamp='4.674'/>
<dependency_failed type='leaf_type' ctxk='java/util/ArrayDeque' witness='org/springframework/context/annotation/ConfigurationClassParser$ImportStack' stamp='4.674'/>
<dependency_failed type='unique_concrete_method_4' ctxk='java/util/NavigableMap' x='java.util.TreeMap put (Ljava/lang/Object;Ljava/lang/Object;)Ljava/lang/Object;' x2='java/util/NavigableMap' x3='java.util.NavigableMap put (Ljava/lang/Object;Ljava/lang/Object;)Ljava/lang/Object;' witness='java/util/NavigableMap' stamp='5.107'/>
<dependency_failed type='unique_concrete_method_4' ctxk='org/springframework/core/type/MethodMetadata' x='org.springframework.core.type.AnnotatedTypeMetadata isAnnotated (Ljava/lang/String;)Z' x2='org/springframework/core/type/MethodMetadata' x3='org.springframework.core.type.AnnotatedTypeMetadata isAnnotated (Ljava/lang/String;)Z' witness='org/springframework/core/type/MethodMetadata' stamp='5.805'/>
<dependency_failed type='unique_concrete_method_4' ctxk='org/springframework/asm/ClassVisitor' x='org.springframework.core.type.classreading.SimpleAnnotationMetadataReadingVisitor visit (IILjava/lang/String;Ljava/lang/String;Ljava/lang/String;[Ljava/lang/String;)V' x2='org/springframework/asm/ClassVisitor' x3='org.springframework.asm.ClassVisitor visit (IILjava/lang/String;Ljava/lang/String;Ljava/lang/String;[Ljava/lang/String;)V' witness='org/springframework/cglib/core/DebuggingClassWriter' stamp='6.171'/>
<dependency_failed type='unique_concrete_method_4' ctxk='org/springframework/asm/ClassVisitor' x='org.springframework.core.type.classreading.SimpleAnnotationMetadataReadingVisitor visitMethod (ILjava/lang/String;Ljava/lang/String;Ljava/lang/String;[Ljava/lang/String;)Lorg/springframework/asm/MethodVisitor;' x2='org/springframework/asm/ClassVisitor' x3='org.springframework.asm.ClassVisitor visitMethod (ILjava/lang/String;Ljava/lang/String;Ljava/lang/String;[Ljava/lang/String;)Lorg/springframework/asm/MethodVisitor;' witness='org/springframework/cglib/core/DebuggingClassWriter' stamp='6.171'/>
<dependency_failed type='unique_concrete_method_4' ctxk='org/springframework/asm/ClassVisitor' x='org.springframework.asm.ClassVisitor visitField (ILjava/lang/String;Ljava/lang/String;Ljava/lang/String;Ljava/lang/Object;)Lorg/springframework/asm/FieldVisitor;' x2='org/springframework/asm/ClassVisitor' x3='org.springframework.asm.ClassVisitor visitField (ILjava/lang/String;Ljava/lang/String;Ljava/lang/String;Ljava/lang/Object;)Lorg/springframework/asm/FieldVisitor;' witness='org/springframework/asm/ClassWriter' stamp='6.176'/>
<dependency_failed type='unique_concrete_method_4' ctxk='org/springframework/asm/ClassVisitor' x='org.springframework.asm.ClassVisitor visitField (ILjava/lang/String;Ljava/lang/String;Ljava/lang/String;Ljava/lang/Object;)Lorg/springframework/asm/FieldVisitor;' x2='org/springframework/asm/ClassVisitor' x3='org.springframework.asm.ClassVisitor visitField (ILjava/lang/String;Ljava/lang/String;Ljava/lang/String;Ljava/lang/Object;)Lorg/springframework/asm/FieldVisitor;' witness='org/springframework/asm/ClassWriter' stamp='6.176'/>
<dependency_failed type='leaf_type' ctxk='java/util/ArrayList' witness='org/springframework/beans/factory/support/ManagedList' stamp='6.446'/>
<dependency_failed type='leaf_type' ctxk='java/util/ArrayList' witness='org/springframework/beans/factory/support/ManagedList' stamp='6.446'/>
<dependency_failed type='leaf_type' ctxk='java/util/ArrayList' witness='org/springframework/beans/factory/support/ManagedList' stamp='6.446'/>
<dependency_failed type='leaf_type' ctxk='java/util/ArrayList' witness='org/springframework/beans/factory/support/ManagedList' stamp='6.446'/>
<dependency_failed type='leaf_type' ctxk='java/util/ArrayList' witness='org/springframework/beans/factory/support/ManagedList' stamp='6.446'/>
<dependency_failed type='leaf_type' ctxk='java/util/ArrayList' witness='org/springframework/beans/factory/support/ManagedList' stamp='6.446'/>
<dependency_failed type='leaf_type' ctxk='java/util/ArrayList' witness='org/springframework/beans/factory/support/ManagedList' stamp='6.446'/>
<dependency_failed type='leaf_type' ctxk='java/util/ArrayList' witness='org/springframework/beans/factory/support/ManagedList' stamp='6.446'/>
<dependency_failed type='leaf_type' ctxk='java/util/ArrayList' witness='org/springframework/beans/factory/support/ManagedList' stamp='6.446'/>
<dependency_failed type='leaf_type' ctxk='java/util/ArrayList' witness='org/springframework/beans/factory/support/ManagedList' stamp='6.446'/>
<dependency_failed type='leaf_type' ctxk='java/util/ArrayList' witness='org/springframework/beans/factory/support/ManagedList' stamp='6.446'/>
<dependency_failed type='leaf_type' ctxk='java/util/ArrayList' witness='org/springframework/beans/factory/support/ManagedList' stamp='6.446'/>
<dependency_failed type='leaf_type' ctxk='java/util/ArrayList' witness='org/springframework/beans/factory/support/ManagedList' stamp='6.446'/>
<dependency_failed type='leaf_type' ctxk='java/util/ArrayList' witness='org/springframework/beans/factory/support/ManagedList' stamp='6.446'/>
<dependency_failed type='leaf_type' ctxk='java/util/ArrayList' witness='org/springframework/beans/factory/support/ManagedList' stamp='6.446'/>
<dependency_failed type='leaf_type' ctxk='java/util/ArrayList' witness='org/springframework/beans/factory/support/ManagedList' stamp='6.446'/>
<dependency_failed type='leaf_type' ctxk='java/util/ArrayList' witness='org/springframework/beans/factory/support/ManagedList' stamp='6.446'/>
<dependency_failed type='leaf_type' ctxk='java/util/LinkedHashSet' witness='org/springframework/beans/factory/support/ManagedSet' stamp='6.453'/>
<dependency_failed type='leaf_type' ctxk='java/util/LinkedHashSet' witness='org/springframework/beans/factory/support/ManagedSet' stamp='6.453'/>
<dependency_failed type='leaf_type' ctxk='org/springframework/beans/factory/support/DefaultListableBeanFactory' witness='org/sonatype/nexus/bootstrap/application/JavaxProviderDefaultListableBeanFactory' stamp='7.444'/>
<dependency_failed type='leaf_type' ctxk='org/springframework/beans/factory/support/DefaultListableBeanFactory' witness='org/sonatype/nexus/bootstrap/application/JavaxProviderDefaultListableBeanFactory' stamp='7.444'/>
<dependency_failed type='leaf_type' ctxk='org/springframework/beans/factory/support/DefaultListableBeanFactory' witness='org/sonatype/nexus/bootstrap/application/JavaxProviderDefaultListableBeanFactory' stamp='7.444'/>
<dependency_failed type='leaf_type' ctxk='org/springframework/beans/factory/support/DefaultListableBeanFactory' witness='org/sonatype/nexus/bootstrap/application/JavaxProviderDefaultListableBeanFactory' stamp='7.444'/>
<dependency_failed type='leaf_type' ctxk='org/springframework/beans/factory/support/DefaultListableBeanFactory' witness='org/sonatype/nexus/bootstrap/application/JavaxProviderDefaultListableBeanFactory' stamp='7.444'/>
<dependency_failed type='leaf_type' ctxk='org/springframework/beans/factory/support/DefaultListableBeanFactory' witness='org/sonatype/nexus/bootstrap/application/JavaxProviderDefaultListableBeanFactory' stamp='7.444'/>
<dependency_failed type='leaf_type' ctxk='org/springframework/beans/factory/support/DefaultListableBeanFactory' witness='org/sonatype/nexus/bootstrap/application/JavaxProviderDefaultListableBeanFactory' stamp='7.444'/>
<dependency_failed type='leaf_type' ctxk='org/springframework/beans/factory/support/DefaultListableBeanFactory' witness='org/sonatype/nexus/bootstrap/application/JavaxProviderDefaultListableBeanFactory' stamp='7.444'/>
<dependency_failed type='unique_concrete_method_4' ctxk='java/lang/Throwable' x='java.lang.Throwable toString ()Ljava/lang/String;' x2='java/lang/Throwable' x3='java.lang.Throwable toString ()Ljava/lang/String;' witness='org/springframework/beans/factory/BeanCreationException' stamp='7.515'/>
<dependency_failed type='unique_concrete_method_4' ctxk='org/springframework/beans/factory/ObjectFactory' x='org.springframework.beans.factory.support.AbstractBeanFactory$$Lambda$490/0x000070e8f02601f8 getObject ()Ljava/lang/Object;' x2='org/springframework/beans/factory/ObjectFactory' x3='org.springframework.beans.factory.ObjectFactory getObject ()Ljava/lang/Object;' witness='org/springframework/beans/factory/ObjectFactory' stamp='7.532'/>
<dependency_failed type='unique_concrete_method_4' ctxk='org/springframework/beans/factory/ObjectFactory' x='org.springframework.beans.factory.support.AbstractBeanFactory$$Lambda$490/0x000070e8f02601f8 getObject ()Ljava/lang/Object;' x2='org/springframework/beans/factory/ObjectFactory' x3='org.springframework.beans.factory.ObjectFactory getObject ()Ljava/lang/Object;' witness='org/springframework/beans/factory/ObjectFactory' stamp='7.532'/>
<dependency_failed type='no_finalizable_subclasses' ctxk='java/lang/Object' witness='org/apache/http/impl/conn/PoolingHttpClientConnectionManager' stamp='10.808'/>
<dependency_failed type='unique_concrete_method_4' ctxk='java/util/Properties' x='java.util.Properties put (Ljava/lang/Object;Ljava/lang/Object;)Ljava/lang/Object;' x2='java/util/Properties' x3='java.util.Properties put (Ljava/lang/Object;Ljava/lang/Object;)Ljava/lang/Object;' witness='sun/security/jca/ProviderList$1' stamp='20.907'/>
<dependency_failed type='unique_concrete_method_4' ctxk='java/util/Properties' x='java.util.Properties put (Ljava/lang/Object;Ljava/lang/Object;)Ljava/lang/Object;' x2='java/util/Properties' x3='java.util.Properties put (Ljava/lang/Object;Ljava/lang/Object;)Ljava/lang/Object;' witness='sun/security/jca/ProviderList$1' stamp='20.907'/>
<dependency_failed type='unique_concrete_method_4' ctxk='java/util/Properties' x='java.util.Properties getProperty (Ljava/lang/String;)Ljava/lang/String;' x2='java/util/Properties' x3='java.util.Properties getProperty (Ljava/lang/String;)Ljava/lang/String;' witness='sun/security/jca/ProviderList$1' stamp='20.907'/>
<dependency_failed type='unique_concrete_method_4' ctxk='java/util/Properties' x='java.util.Properties getProperty (Ljava/lang/String;)Ljava/lang/String;' x2='java/util/Properties' x3='java.util.Properties getProperty (Ljava/lang/String;)Ljava/lang/String;' witness='sun/security/jca/ProviderList$1' stamp='20.907'/>
<dependency_failed type='unique_concrete_method_4' ctxk='java/util/Properties' x='java.util.Properties put (Ljava/lang/Object;Ljava/lang/Object;)Ljava/lang/Object;' x2='java/util/Properties' x3='java.util.Properties put (Ljava/lang/Object;Ljava/lang/Object;)Ljava/lang/Object;' witness='sun/security/jca/ProviderList$1' stamp='20.907'/>
<dependency_failed type='unique_concrete_method_4' ctxk='java/util/Properties' x='java.util.Properties getProperty (Ljava/lang/String;)Ljava/lang/String;' x2='java/util/Properties' x3='java.util.Properties getProperty (Ljava/lang/String;)Ljava/lang/String;' witness='sun/security/jca/ProviderList$1' stamp='20.907'/>
<dependency_failed type='unique_concrete_method_4' ctxk='java/util/Properties' x='java.util.Properties getProperty (Ljava/lang/String;)Ljava/lang/String;' x2='java/util/Properties' x3='java.util.Properties getProperty (Ljava/lang/String;)Ljava/lang/String;' witness='sun/security/jca/ProviderList$1' stamp='20.907'/>
<dependency_failed type='unique_concrete_method_4' ctxk='java/util/Properties' x='java.util.Properties getProperty (Ljava/lang/String;)Ljava/lang/String;' x2='java/util/Properties' x3='java.util.Properties getProperty (Ljava/lang/String;)Ljava/lang/String;' witness='sun/security/jca/ProviderList$1' stamp='20.907'/>
<dependency_failed type='unique_concrete_method_4' ctxk='java/util/function/UnaryOperator' x='org.springframework.boot.context.properties.source.SpringIterableConfigurationPropertySource$$Lambda$118/0x000070e8f00d3bd0 apply (Ljava/lang/Object;)Ljava/lang/Object;' x2='java/util/function/UnaryOperator' x3='java.util.function.UnaryOperator apply (Ljava/lang/Object;)Ljava/lang/Object;' witness='java/util/function/UnaryOperator' stamp='21.743'/>
<dependency_failed type='leaf_type' ctxk='java/util/zip/ZipInputStream' witness='java/util/jar/JarInputStream' stamp='21.855'/>
<dependency_failed type='leaf_type' ctxk='java/io/File' witness='de/schlichtherle/truezip/file/TFile' stamp='22.065'/>
<dependency_failed type='leaf_type' ctxk='java/io/File' witness='de/schlichtherle/truezip/file/TFile' stamp='22.065'/>
<dependency_failed type='leaf_type' ctxk='java/io/File' witness='de/schlichtherle/truezip/file/TFile' stamp='22.065'/>
<dependency_failed type='leaf_type' ctxk='java/io/File' witness='de/schlichtherle/truezip/file/TFile' stamp='22.065'/>
<dependency_failed type='leaf_type' ctxk='java/io/File' witness='de/schlichtherle/truezip/file/TFile' stamp='22.065'/>
<dependency_failed type='leaf_type' ctxk='java/io/File' witness='de/schlichtherle/truezip/file/TFile' stamp='22.065'/>
<dependency_failed type='leaf_type' ctxk='java/io/File' witness='de/schlichtherle/truezip/file/TFile' stamp='22.065'/>
<dependency_failed type='leaf_type' ctxk='java/io/File' witness='de/schlichtherle/truezip/file/TFile' stamp='22.065'/>
<dependency_failed type='leaf_type' ctxk='java/io/File' witness='de/schlichtherle/truezip/file/TFile' stamp='22.065'/>
<dependency_failed type='leaf_type' ctxk='java/io/File' witness='de/schlichtherle/truezip/file/TFile' stamp='22.065'/>
<dependency_failed type='leaf_type' ctxk='java/io/File' witness='de/schlichtherle/truezip/file/TFile' stamp='22.065'/>
<dependency_failed type='leaf_type' ctxk='java/io/File' witness='de/schlichtherle/truezip/file/TFile' stamp='22.065'/>
<dependency_failed type='leaf_type' ctxk='java/io/File' witness='de/schlichtherle/truezip/file/TFile' stamp='22.065'/>
<dependency_failed type='leaf_type' ctxk='java/io/File' witness='de/schlichtherle/truezip/file/TFile' stamp='22.065'/>
<dependency_failed type='leaf_type' ctxk='java/io/File' witness='de/schlichtherle/truezip/file/TFile' stamp='22.065'/>
<dependency_failed type='leaf_type' ctxk='java/io/File' witness='de/schlichtherle/truezip/file/TFile' stamp='22.065'/>
<dependency_failed type='leaf_type' ctxk='java/io/File' witness='de/schlichtherle/truezip/file/TFile' stamp='22.065'/>
<dependency_failed type='leaf_type' ctxk='java/io/File' witness='de/schlichtherle/truezip/file/TFile' stamp='22.065'/>
<dependency_failed type='leaf_type' ctxk='java/io/File' witness='de/schlichtherle/truezip/file/TFile' stamp='22.065'/>
<dependency_failed type='leaf_type' ctxk='java/io/File' witness='de/schlichtherle/truezip/file/TFile' stamp='22.065'/>
<dependency_failed type='leaf_type' ctxk='java/io/ByteArrayOutputStream' witness='com/sonatype/insight/scan/hash/internal/DefaultDigester$ByteArrayOutputStream' stamp='22.073'/>
<dependency_failed type='leaf_type' ctxk='java/io/ByteArrayOutputStream' witness='com/sonatype/insight/scan/hash/internal/DefaultDigester$ByteArrayOutputStream' stamp='22.073'/>
<dependency_failed type='leaf_type' ctxk='java/io/ByteArrayOutputStream' witness='com/sonatype/insight/scan/hash/internal/DefaultDigester$ByteArrayOutputStream' stamp='22.073'/>
<dependency_failed type='unique_concrete_method_4' ctxk='java/lang/reflect/TypeVariable' x='sun.reflect.generics.reflectiveObjects.TypeVariableImpl getName ()Ljava/lang/String;' x2='java/lang/reflect/TypeVariable' x3='java.lang.reflect.TypeVariable getName ()Ljava/lang/String;' witness='java/lang/reflect/TypeVariable' stamp='22.642'/>
<dependency_failed type='unique_concrete_method_4' ctxk='java/lang/reflect/TypeVariable' x='sun.reflect.generics.reflectiveObjects.TypeVariableImpl getBounds ()[Ljava/lang/reflect/Type;' x2='java/lang/reflect/TypeVariable' x3='java.lang.reflect.TypeVariable getBounds ()[Ljava/lang/reflect/Type;' witness='java/lang/reflect/TypeVariable' stamp='22.642'/>
<dependency_failed type='unique_concrete_method_4' ctxk='java/lang/reflect/TypeVariable' x='sun.reflect.generics.reflectiveObjects.TypeVariableImpl getBounds ()[Ljava/lang/reflect/Type;' x2='java/lang/reflect/TypeVariable' x3='java.lang.reflect.TypeVariable getBounds ()[Ljava/lang/reflect/Type;' witness='java/lang/reflect/TypeVariable' stamp='22.642'/>
<dependency_failed type='unique_concrete_method_4' ctxk='java/lang/reflect/TypeVariable' x='sun.reflect.generics.reflectiveObjects.TypeVariableImpl getBounds ()[Ljava/lang/reflect/Type;' x2='java/lang/reflect/TypeVariable' x3='java.lang.reflect.TypeVariable getBounds ()[Ljava/lang/reflect/Type;' witness='java/lang/reflect/TypeVariable' stamp='22.642'/>
<dependency_failed type='unique_concrete_method_4' ctxk='java/lang/reflect/TypeVariable' x='sun.reflect.generics.reflectiveObjects.TypeVariableImpl getBounds ()[Ljava/lang/reflect/Type;' x2='java/lang/reflect/TypeVariable' x3='java.lang.reflect.TypeVariable getBounds ()[Ljava/lang/reflect/Type;' witness='java/lang/reflect/TypeVariable' stamp='22.642'/>
<dependency_failed type='unique_concrete_method_4' ctxk='java/lang/reflect/TypeVariable' x='sun.reflect.generics.reflectiveObjects.TypeVariableImpl getBounds ()[Ljava/lang/reflect/Type;' x2='java/lang/reflect/TypeVariable' x3='java.lang.reflect.TypeVariable getBounds ()[Ljava/lang/reflect/Type;' witness='java/lang/reflect/TypeVariable' stamp='22.642'/>
<dependency_failed type='unique_concrete_method_4' ctxk='java/net/URLStreamHandler' x='java.net.URLStreamHandler getDefaultPort ()I' x2='java/net/URLStreamHandler' x3='java.net.URLStreamHandler getDefaultPort ()I' witness='sun/net/www/protocol/http/Handler' stamp='22.872'/>
<dependency_failed type='unique_concrete_method_4' ctxk='java/net/URLStreamHandler' x='java.net.URLStreamHandler getDefaultPort ()I' x2='java/net/URLStreamHandler' x3='java.net.URLStreamHandler getDefaultPort ()I' witness='sun/net/www/protocol/http/Handler' stamp='22.872'/>
<dependency_failed type='unique_concrete_method_4' ctxk='java/net/URLStreamHandler' x='java.net.URLStreamHandler getDefaultPort ()I' x2='java/net/URLStreamHandler' x3='java.net.URLStreamHandler getDefaultPort ()I' witness='sun/net/www/protocol/http/Handler' stamp='22.872'/>
<dependency_failed type='unique_concrete_method_4' ctxk='java/net/URLStreamHandler' x='java.net.URLStreamHandler getDefaultPort ()I' x2='java/net/URLStreamHandler' x3='java.net.URLStreamHandler getDefaultPort ()I' witness='sun/net/www/protocol/http/Handler' stamp='22.872'/>
<dependency_failed type='unique_concrete_method_4' ctxk='java/net/URLStreamHandler' x='java.net.URLStreamHandler getDefaultPort ()I' x2='java/net/URLStreamHandler' x3='java.net.URLStreamHandler getDefaultPort ()I' witness='sun/net/www/protocol/http/Handler' stamp='22.872'/>
<dependency_failed type='unique_concrete_method_4' ctxk='java/net/URLStreamHandler' x='java.net.URLStreamHandler getDefaultPort ()I' x2='java/net/URLStreamHandler' x3='java.net.URLStreamHandler getDefaultPort ()I' witness='sun/net/www/protocol/http/Handler' stamp='22.872'/>
<dependency_failed type='unique_concrete_method_4' ctxk='java/net/URLStreamHandler' x='java.net.URLStreamHandler getDefaultPo